2024/10/17 13:49:54 [testMake] Testing Makefile exists and can compile ssi, 0.25
2024/10/17 13:49:54 [COMMAND]: /usr/bin/make -C submissions/rrosenberger/p1 clean
2024/10/17 13:49:54 make: Entering directory '/home/clarkzjw/CSC360/marking/p1/gitlab/submissions/rrosenberger/p1'
rm -f ssi
make: Leaving directory '/home/clarkzjw/CSC360/marking/p1/gitlab/submissions/rrosenberger/p1'
2024/10/17 13:49:54 [COMMAND]: /usr/bin/make -C submissions/rrosenberger/p1
2024/10/17 13:49:54 make: Entering directory '/home/clarkzjw/CSC360/marking/p1/gitlab/submissions/rrosenberger/p1'
gcc ssi.c -o ssi
make: Leaving directory '/home/clarkzjw/CSC360/marking/p1/gitlab/submissions/rrosenberger/p1'
2024/10/17 13:49:54 ==== Test name: testMake, Mark received: 0.25 ====

2024/10/17 13:49:55 [testREADME] Testing README file exists, 0.25
2024/10/17 13:49:55 [testREADME] README content: 
Rylee Rosenberger
v01000941

CSC360 p1 - Simple Shell Interpreter

3.1 Foreground Execution fully implemented and working.
usr@host: cwd printed to terminal.
User is able to execute commands in terminal.
Undefined commands will not be executed. Program will output that execvp failed.
ctrl+C will not terminate the ssi.
If the user input is empty (e.g. \n), the shell will continue to prompt the user.
SSI responds to control+C to stop long-running processes like ping

3.2 Changing directories fully implemented and working.
Special arguments ~, .., ., cd all accepted.
cd takes only one argument and ignores all others.

3.3 Background execution fully implemented and working.
bg process output is redirected as to not display it on terminal.
**note - bg cat foo.txt -> foo.txt does not exist. However, since the output for bg is redirected, the shell will not output "No such file or directory," but it will signify the process has terminated once another command has been executed.
bglist lists the current bg processes as follows:
pid: process
Total Background jobs: num_bg_processes
Shell indicates when background processes have terminated.

No bonus features implemented.

To run the simple shell interpreter:
make
./ssi

2024/10/17 13:49:55 Do you want to award mark for this test? (y/n or input a floating number between [0, 0.25]): 
2024/10/17 13:49:57 mark received: y
2024/10/17 13:49:57 ==== Test name: testREADME, Mark received: 0.25 ====

2024/10/17 13:49:58 [testExecSSI] Testing your ssi can be executed without additional parameter and shows correct prompt, 0.50
2024/10/17 13:49:58 [COMMAND]: /home/clarkzjw/CSC360/marking/p1/gitlab/submissions/rrosenberger/p1/ssi
2024/10/17 13:49:58 Sending command to SSI: ls  
2024/10/17 13:49:58 Makefile
README.md
ssi
ssi.c
clarkzjw@linux204: /home/clarkzjw/CSC360/marking/p1/gitlab/submissions/rrosenberger/p1 > clarkzjw@linux204: /home/clarkzjw/CSC360/marking/p1/gitlab/submissions/rrosenberger/p1 > 
2024/10/17 13:49:58 Do you want to award mark for this test? (y/n or input a floating number between [0, 0.50]): 
2024/10/17 13:50:00 mark received: y
2024/10/17 13:50:00 ==== Test name: testExecSSI, Mark received: 0.50 ====

2024/10/17 13:50:01 [testExec] Testing exec without parameters, 1.00
2024/10/17 13:50:01 [COMMAND]: /home/clarkzjw/CSC360/marking/p1/gitlab/submissions/rrosenberger/p1/ssi
2024/10/17 13:50:01 Sending command to SSI: ls  
2024/10/17 13:50:01 Makefile
README.md
ssi
ssi.c
temp
clarkzjw@linux204: /home/clarkzjw/CSC360/marking/p1/gitlab/submissions/rrosenberger/p1 > clarkzjw@linux204: /home/clarkzjw/CSC360/marking/p1/gitlab/submissions/rrosenberger/p1 > 
2024/10/17 13:50:01 Do you want to award mark for this test? (y/n or input a floating number between [0, 0.20]): 
2024/10/17 13:50:05 mark received: y
2024/10/17 13:50:05 [COMMAND]: /home/clarkzjw/CSC360/marking/p1/gitlab/submissions/rrosenberger/p1/ssi
2024/10/17 13:50:05 Sending command to SSI: pwd  
2024/10/17 13:50:05 /home/clarkzjw/CSC360/marking/p1/gitlab/submissions/rrosenberger/p1
clarkzjw@linux204: /home/clarkzjw/CSC360/marking/p1/gitlab/submissions/rrosenberger/p1 > clarkzjw@linux204: /home/clarkzjw/CSC360/marking/p1/gitlab/submissions/rrosenberger/p1 > 
2024/10/17 13:50:05 Do you want to award mark for this test? (y/n or input a floating number between [0, 0.20]): 
2024/10/17 13:50:08 mark received: y
2024/10/17 13:50:08 [COMMAND]: /home/clarkzjw/CSC360/marking/p1/gitlab/submissions/rrosenberger/p1/ssi
2024/10/17 13:50:08 Sending command to SSI: uname  
2024/10/17 13:50:08 Linux
clarkzjw@linux204: /home/clarkzjw/CSC360/marking/p1/gitlab/submissions/rrosenberger/p1 > clarkzjw@linux204: /home/clarkzjw/CSC360/marking/p1/gitlab/submissions/rrosenberger/p1 > 
2024/10/17 13:50:08 Do you want to award mark for this test? (y/n or input a floating number between [0, 0.20]): 
2024/10/17 13:50:10 mark received: y
2024/10/17 13:50:10 [COMMAND]: /home/clarkzjw/CSC360/marking/p1/gitlab/submissions/rrosenberger/p1/ssi
2024/10/17 13:50:10 Sending command to SSI: date  
2024/10/17 13:50:10 Thu 17 Oct 2024 01:50:10 PM PDT
clarkzjw@linux204: /home/clarkzjw/CSC360/marking/p1/gitlab/submissions/rrosenberger/p1 > clarkzjw@linux204: /home/clarkzjw/CSC360/marking/p1/gitlab/submissions/rrosenberger/p1 > 
2024/10/17 13:50:10 Do you want to award mark for this test? (y/n or input a floating number between [0, 0.20]): 
2024/10/17 13:50:11 mark received: y
2024/10/17 13:50:11 [COMMAND]: /home/clarkzjw/CSC360/marking/p1/gitlab/submissions/rrosenberger/p1/ssi
2024/10/17 13:50:11 Sending command to SSI: hostname  
2024/10/17 13:50:11 linux204
clarkzjw@linux204: /home/clarkzjw/CSC360/marking/p1/gitlab/submissions/rrosenberger/p1 > clarkzjw@linux204: /home/clarkzjw/CSC360/marking/p1/gitlab/submissions/rrosenberger/p1 > 
2024/10/17 13:50:11 Do you want to award mark for this test? (y/n or input a floating number between [0, 0.20]): 
2024/10/17 13:50:12 mark received: y
2024/10/17 13:50:12 ==== Test name: testExec, Mark received: 1.00 ====

2024/10/17 13:50:13 [testExecWithParameters] Testing exec with parameters, 1.00
2024/10/17 13:50:13 [COMMAND]: /home/clarkzjw/CSC360/marking/p1/gitlab/submissions/rrosenberger/p1/ssi
2024/10/17 13:50:13 Sending command to SSI: 
ls temp
exit

2024/10/17 13:50:13 A
B
clarkzjw@linux204: /home/clarkzjw/CSC360/marking/p1/gitlab/submissions/rrosenberger/p1 > clarkzjw@linux204: /home/clarkzjw/CSC360/marking/p1/gitlab/submissions/rrosenberger/p1 > 
2024/10/17 13:50:13 Do you want to award mark for this test? (y/n or input a floating number between [0, 0.20]): 
2024/10/17 13:50:15 mark received: y
2024/10/17 13:50:15 [COMMAND]: /home/clarkzjw/CSC360/marking/p1/gitlab/submissions/rrosenberger/p1/ssi
2024/10/17 13:50:15 Sending command to SSI: 
ls -alh
exit

2024/10/17 13:50:15 total 60K
drwxr-xr-x 4 clarkzjw clarkzjw 4.0K Oct 17 13:50 .
drwxr-xr-x 3 clarkzjw clarkzjw 4.0K Oct 16 14:43 ..
drwxr-xr-x 8 clarkzjw clarkzjw 4.0K Oct 16 14:34 .git
-rw-r--r-- 1 clarkzjw clarkzjw   60 Oct 16 14:34 Makefile
-rw-r--r-- 1 clarkzjw clarkzjw 1.3K Oct 16 14:34 README.md
-rwxrwxr-x 1 clarkzjw clarkzjw  22K Oct 17 13:49 ssi
-rw-r--r-- 1 clarkzjw clarkzjw 8.5K Oct 16 14:34 ssi.c
drwxr-xr-x 4 clarkzjw clarkzjw 4.0K Oct 17 13:50 temp
clarkzjw@linux204: /home/clarkzjw/CSC360/marking/p1/gitlab/submissions/rrosenberger/p1 > clarkzjw@linux204: /home/clarkzjw/CSC360/marking/p1/gitlab/submissions/rrosenberger/p1 > 
2024/10/17 13:50:15 Do you want to award mark for this test? (y/n or input a floating number between [0, 0.20]): 
2024/10/17 13:50:16 mark received: y
2024/10/17 13:50:16 [COMMAND]: /home/clarkzjw/CSC360/marking/p1/gitlab/submissions/rrosenberger/p1/ssi
2024/10/17 13:50:16 Sending command to SSI: 
ls temp/A/C
exit

2024/10/17 13:50:16 AC.txt
D
clarkzjw@linux204: /home/clarkzjw/CSC360/marking/p1/gitlab/submissions/rrosenberger/p1 > clarkzjw@linux204: /home/clarkzjw/CSC360/marking/p1/gitlab/submissions/rrosenberger/p1 > 
2024/10/17 13:50:16 Do you want to award mark for this test? (y/n or input a floating number between [0, 0.20]): 
2024/10/17 13:50:18 mark received: y
2024/10/17 13:50:18 [COMMAND]: /home/clarkzjw/CSC360/marking/p1/gitlab/submissions/rrosenberger/p1/ssi
2024/10/17 13:50:18 Sending command to SSI: 
cat temp/A/C/AC.txt
exit

2024/10/17 13:50:18 This is the content for AC.txt
clarkzjw@linux204: /home/clarkzjw/CSC360/marking/p1/gitlab/submissions/rrosenberger/p1 > clarkzjw@linux204: /home/clarkzjw/CSC360/marking/p1/gitlab/submissions/rrosenberger/p1 > 
2024/10/17 13:50:18 Do you want to award mark for this test? (y/n or input a floating number between [0, 0.20]): 
2024/10/17 13:50:20 mark received: y
2024/10/17 13:50:20 [COMMAND]: /home/clarkzjw/CSC360/marking/p1/gitlab/submissions/rrosenberger/p1/ssi
2024/10/17 13:50:20 Sending command to SSI: 
echo hello
exit

2024/10/17 13:50:20 hello
clarkzjw@linux204: /home/clarkzjw/CSC360/marking/p1/gitlab/submissions/rrosenberger/p1 > clarkzjw@linux204: /home/clarkzjw/CSC360/marking/p1/gitlab/submissions/rrosenberger/p1 > 
2024/10/17 13:50:20 Do you want to award mark for this test? (y/n or input a floating number between [0, 0.20]): 
2024/10/17 13:50:23 mark received: y
2024/10/17 13:50:23 ==== Test name: testExecWithParameters, Mark received: 1.00 ====

2024/10/17 13:50:24 [testNotExistCommand] Testing non-existent command, 1.00
2024/10/17 13:50:24 [COMMAND]: /home/clarkzjw/CSC360/marking/p1/gitlab/submissions/rrosenberger/p1/ssi
2024/10/17 13:50:24 Sending command to SSI: 
nonexistent 
exit

2024/10/17 13:50:24 execvp failed: No such file or directory
clarkzjw@linux204: /home/clarkzjw/CSC360/marking/p1/gitlab/submissions/rrosenberger/p1 > clarkzjw@linux204: /home/clarkzjw/CSC360/marking/p1/gitlab/submissions/rrosenberger/p1 > clarkzjw@linux204: /home/clarkzjw/CSC360/marking/p1/gitlab/submissions/rrosenberger/p1 > 
2024/10/17 13:50:24 Do you want to award mark for this test? (y/n or input a floating number between [0, 1.00]): 
2024/10/17 13:50:26 mark received: n
2024/10/17 13:50:26 ==== Test name: testNotExistCommand, Mark received: 0.00 ==== // should output <name>: No such file or directory

2024/10/17 13:50:27 [testExecLongRunning] Testing exec with long running command, 1.00
2024/10/17 13:50:27 [COMMAND]: ./ssi
2024/10/17 13:50:27 Waiting 5 seconds before sending Ctrl-C signal
2024/10/17 13:50:32 Sending interrupt signal Ctrl-C
2024/10/17 13:50:32 PING 1.1.1.1 (1.1.1.1) 56(84) bytes of data.
64 bytes from 1.1.1.1: icmp_seq=1 ttl=55 time=3.89 ms
64 bytes from 1.1.1.1: icmp_seq=2 ttl=55 time=3.82 ms
64 bytes from 1.1.1.1: icmp_seq=3 ttl=55 time=3.75 ms
64 bytes from 1.1.1.1: icmp_seq=4 ttl=55 time=3.77 ms
64 bytes from 1.1.1.1: icmp_seq=5 ttl=55 time=3.74 ms
2024/10/17 13:50:32 64 bytes from 1.1.1.1: icmp_seq=6 ttl=55 time=3.83 ms
2024/10/17 13:50:33 64 bytes from 1.1.1.1: icmp_seq=7 ttl=55 time=3.68 ms
2024/10/17 13:50:34 64 bytes from 1.1.1.1: icmp_seq=8 ttl=55 time=3.79 ms
2024/10/17 13:50:35 64 bytes from 1.1.1.1: icmp_seq=9 ttl=55 time=5.62 ms
2024/10/17 13:50:36 64 bytes from 1.1.1.1: icmp_seq=10 ttl=55 time=4.40 ms

--- 1.1.1.1 ping statistics ---
10 packets transmitted, 10 received, 0% packet loss, time 9015ms
rtt min/avg/max/mdev = 3.675/4.027/5.623/0.565 ms
2024/10/17 13:50:36 clarkzjw@linux204: /home/clarkzjw/CSC360/marking/p1/gitlab/submissions/rrosenberger/p1 > clarkzjw@linux204: /home/clarkzjw/CSC360/marking/p1/gitlab/submissions/rrosenberger/p1 > 
2024/10/17 13:50:36 Do you want to award mark for this test? (y/n or input a floating number between [0, 1.00]): 
2024/10/17 13:50:47 mark received: y
2024/10/17 13:50:47 ==== Test name: testExecLongRunning, Mark received: 1.00 ====

2024/10/17 13:50:48 [testPwd] Testing printing current working directory, 1.00
2024/10/17 13:50:48 [COMMAND]: /home/clarkzjw/CSC360/marking/p1/gitlab/submissions/rrosenberger/p1/ssi
2024/10/17 13:50:48 Sending command to SSI: 
pwd 
exit

2024/10/17 13:50:49 /home/clarkzjw/CSC360/marking/p1/gitlab/submissions/rrosenberger/p1
clarkzjw@linux204: /home/clarkzjw/CSC360/marking/p1/gitlab/submissions/rrosenberger/p1 > clarkzjw@linux204: /home/clarkzjw/CSC360/marking/p1/gitlab/submissions/rrosenberger/p1 > 
2024/10/17 13:50:49 pwd should output: 
/home/clarkzjw/CSC360/marking/p1/gitlab/submissions/rrosenberger/p1
2024/10/17 13:50:49 Do you want to award mark for this test? (y/n or input a floating number between [0, 1.00]): 
2024/10/17 13:50:54 mark received: y
2024/10/17 13:50:54 ==== Test name: testPwd, Mark received: 1.00 ====

2024/10/17 13:50:55 [testChangeRelativeDir] Testing changing relative directory, 1.00
2024/10/17 13:50:55 [COMMAND]: /home/clarkzjw/CSC360/marking/p1/gitlab/submissions/rrosenberger/p1/ssi
2024/10/17 13:50:55 Sending command to SSI: 
cd ./temp
pwd
exit

2024/10/17 13:50:55 /home/clarkzjw/CSC360/marking/p1/gitlab/submissions/rrosenberger/p1/temp
clarkzjw@linux204: /home/clarkzjw/CSC360/marking/p1/gitlab/submissions/rrosenberger/p1 > clarkzjw@linux204: /home/clarkzjw/CSC360/marking/p1/gitlab/submissions/rrosenberger/p1/temp > clarkzjw@linux204: /home/clarkzjw/CSC360/marking/p1/gitlab/submissions/rrosenberger/p1/temp > 
2024/10/17 13:50:55 Do you want to award mark for this test? (y/n or input a floating number between [0, 0.20]): 
2024/10/17 13:51:01 mark received: y
2024/10/17 13:51:01 [COMMAND]: /home/clarkzjw/CSC360/marking/p1/gitlab/submissions/rrosenberger/p1/ssi
2024/10/17 13:51:01 Sending command to SSI: 
cd ./A
pwd
exit

2024/10/17 13:51:01 /home/clarkzjw/CSC360/marking/p1/gitlab/submissions/rrosenberger/p1/temp/A
clarkzjw@linux204: /home/clarkzjw/CSC360/marking/p1/gitlab/submissions/rrosenberger/p1/temp > clarkzjw@linux204: /home/clarkzjw/CSC360/marking/p1/gitlab/submissions/rrosenberger/p1/temp/A > clarkzjw@linux204: /home/clarkzjw/CSC360/marking/p1/gitlab/submissions/rrosenberger/p1/temp/A > 
2024/10/17 13:51:01 Do you want to award mark for this test? (y/n or input a floating number between [0, 0.20]): 
2024/10/17 13:51:02 mark received: y
2024/10/17 13:51:02 [COMMAND]: /home/clarkzjw/CSC360/marking/p1/gitlab/submissions/rrosenberger/p1/ssi
2024/10/17 13:51:02 Sending command to SSI: 
cd ./C
pwd
exit

2024/10/17 13:51:02 /home/clarkzjw/CSC360/marking/p1/gitlab/submissions/rrosenberger/p1/temp/A/C
clarkzjw@linux204: /home/clarkzjw/CSC360/marking/p1/gitlab/submissions/rrosenberger/p1/temp/A > clarkzjw@linux204: /home/clarkzjw/CSC360/marking/p1/gitlab/submissions/rrosenberger/p1/temp/A/C > clarkzjw@linux204: /home/clarkzjw/CSC360/marking/p1/gitlab/submissions/rrosenberger/p1/temp/A/C > 
2024/10/17 13:51:02 Do you want to award mark for this test? (y/n or input a floating number between [0, 0.20]): 
2024/10/17 13:51:03 mark received: y
2024/10/17 13:51:03 [COMMAND]: /home/clarkzjw/CSC360/marking/p1/gitlab/submissions/rrosenberger/p1/ssi
2024/10/17 13:51:03 Sending command to SSI: 
cd ../..
pwd
exit

2024/10/17 13:51:03 /home/clarkzjw/CSC360/marking/p1/gitlab/submissions/rrosenberger/p1/temp
clarkzjw@linux204: /home/clarkzjw/CSC360/marking/p1/gitlab/submissions/rrosenberger/p1/temp/A/C > clarkzjw@linux204: /home/clarkzjw/CSC360/marking/p1/gitlab/submissions/rrosenberger/p1/temp > clarkzjw@linux204: /home/clarkzjw/CSC360/marking/p1/gitlab/submissions/rrosenberger/p1/temp > 
2024/10/17 13:51:03 Do you want to award mark for this test? (y/n or input a floating number between [0, 0.20]): 
2024/10/17 13:51:05 mark received: y
2024/10/17 13:51:05 [COMMAND]: /home/clarkzjw/CSC360/marking/p1/gitlab/submissions/rrosenberger/p1/ssi
2024/10/17 13:51:05 Sending command to SSI: 
cd ./D/../..
pwd
exit

2024/10/17 13:51:05 /home/clarkzjw/CSC360/marking/p1/gitlab/submissions/rrosenberger/p1/temp/A
clarkzjw@linux204: /home/clarkzjw/CSC360/marking/p1/gitlab/submissions/rrosenberger/p1/temp/A/C > clarkzjw@linux204: /home/clarkzjw/CSC360/marking/p1/gitlab/submissions/rrosenberger/p1/temp/A > clarkzjw@linux204: /home/clarkzjw/CSC360/marking/p1/gitlab/submissions/rrosenberger/p1/temp/A > 
2024/10/17 13:51:05 Do you want to award mark for this test? (y/n or input a floating number between [0, 0.20]): 
2024/10/17 13:51:06 mark received: y
2024/10/17 13:51:06 ==== Test name: testChangeRelativeDir, Mark received: 1.00 ====

2024/10/17 13:51:07 [testChangeAbsDir] Testing changing absolute directory, 1.00
2024/10/17 13:51:07 [COMMAND]: /home/clarkzjw/CSC360/marking/p1/gitlab/submissions/rrosenberger/p1/ssi
2024/10/17 13:51:07 Sending command to SSI: 
cd /tmp
pwd
exit

2024/10/17 13:51:07 /tmp
clarkzjw@linux204: /home/clarkzjw/CSC360/marking/p1/gitlab/submissions/rrosenberger/p1 > clarkzjw@linux204: /tmp > clarkzjw@linux204: /tmp > 
2024/10/17 13:51:07 Do you want to award mark for this test? (y/n or input a floating number between [0, 0.20]): 
2024/10/17 13:51:13 mark received: y
2024/10/17 13:51:13 [COMMAND]: /home/clarkzjw/CSC360/marking/p1/gitlab/submissions/rrosenberger/p1/ssi
2024/10/17 13:51:13 Sending command to SSI: 
cd /tmp/../tmp/../tmp/
pwd
exit

2024/10/17 13:51:13 /tmp
clarkzjw@linux204: /home/clarkzjw/CSC360/marking/p1/gitlab/submissions/rrosenberger/p1 > clarkzjw@linux204: /tmp > clarkzjw@linux204: /tmp > 
2024/10/17 13:51:13 Do you want to award mark for this test? (y/n or input a floating number between [0, 0.20]): 
2024/10/17 13:51:14 mark received: y
2024/10/17 13:51:14 [COMMAND]: /home/clarkzjw/CSC360/marking/p1/gitlab/submissions/rrosenberger/p1/ssi
2024/10/17 13:51:14 Sending command to SSI: 
cd /
pwd
exit

2024/10/17 13:51:14 /
clarkzjw@linux204: /home/clarkzjw/CSC360/marking/p1/gitlab/submissions/rrosenberger/p1 > clarkzjw@linux204: / > clarkzjw@linux204: / > 
2024/10/17 13:51:14 Do you want to award mark for this test? (y/n or input a floating number between [0, 0.20]): 
2024/10/17 13:51:18 mark received: y
2024/10/17 13:51:18 [COMMAND]: /home/clarkzjw/CSC360/marking/p1/gitlab/submissions/rrosenberger/p1/ssi
2024/10/17 13:51:18 Sending command to SSI: 
cd /.././
pwd
exit

2024/10/17 13:51:18 /
clarkzjw@linux204: /home/clarkzjw/CSC360/marking/p1/gitlab/submissions/rrosenberger/p1 > clarkzjw@linux204: / > clarkzjw@linux204: / > 
2024/10/17 13:51:18 Do you want to award mark for this test? (y/n or input a floating number between [0, 0.20]): 
2024/10/17 13:51:20 mark received: y
2024/10/17 13:51:20 [COMMAND]: /home/clarkzjw/CSC360/marking/p1/gitlab/submissions/rrosenberger/p1/ssi
2024/10/17 13:51:20 Sending command to SSI: 
cd /tmp/nonexisit/
pwd
exit

2024/10/17 13:51:20 [testChangeAbsDir] ssi failed to execute: exit status 1
2024/10/17 13:51:20 ==== Test name: testChangeAbsDir, Mark received: 0.80 ====

2024/10/17 13:51:21 [testChangeHomeDir] Testing changing home directory, 1.00
2024/10/17 13:51:21 [COMMAND]: /home/clarkzjw/CSC360/marking/p1/gitlab/submissions/rrosenberger/p1/ssi
2024/10/17 13:51:21 Sending command to SSI: 
cd /tmp
pwd
exit

2024/10/17 13:51:21 /tmp
clarkzjw@linux204: /home/clarkzjw/CSC360/marking/p1/gitlab/submissions/rrosenberger/p1 > clarkzjw@linux204: /tmp > clarkzjw@linux204: /tmp > 
2024/10/17 13:51:21 Do you want to award mark for this test? (y/n or input a floating number between [0, 0.20]): 
2024/10/17 13:51:30 mark received: yy
2024/10/17 13:51:30 [COMMAND]: /home/clarkzjw/CSC360/marking/p1/gitlab/submissions/rrosenberger/p1/ssi
2024/10/17 13:51:30 Sending command to SSI: 
cd ~
pwd
exit

2024/10/17 13:51:30 /home/clarkzjw
clarkzjw@linux204: /home/clarkzjw/CSC360/marking/p1/gitlab/submissions/rrosenberger/p1 > clarkzjw@linux204: /home/clarkzjw > clarkzjw@linux204: /home/clarkzjw > 
2024/10/17 13:51:30 Do you want to award mark for this test? (y/n or input a floating number between [0, 0.20]): 
2024/10/17 13:51:33 mark received: y
2024/10/17 13:51:33 [COMMAND]: /home/clarkzjw/CSC360/marking/p1/gitlab/submissions/rrosenberger/p1/ssi
2024/10/17 13:51:33 Sending command to SSI: 
cd ~/
pwd
exit

2024/10/17 13:51:33 [testChangeHomeDir] ssi failed to execute: exit status 1
2024/10/17 13:51:33 [COMMAND]: /home/clarkzjw/CSC360/marking/p1/gitlab/submissions/rrosenberger/p1/ssi
2024/10/17 13:51:33 Sending command to SSI: 
cd ~/../../
pwd
exit

2024/10/17 13:51:33 [testChangeHomeDir] ssi failed to execute: exit status 1
2024/10/17 13:51:33 [COMMAND]: /home/clarkzjw/CSC360/marking/p1/gitlab/submissions/rrosenberger/p1/ssi
2024/10/17 13:51:33 Sending command to SSI: 
cd 
pwd
exit

2024/10/17 13:51:33 /home/clarkzjw
clarkzjw@linux204: /home/clarkzjw/CSC360/marking/p1/gitlab/submissions/rrosenberger/p1 > clarkzjw@linux204: /home/clarkzjw > clarkzjw@linux204: /home/clarkzjw > 
2024/10/17 13:51:33 Do you want to award mark for this test? (y/n or input a floating number between [0, 0.20]): 
2024/10/17 13:51:40 mark received: y
2024/10/17 13:51:40 ==== Test name: testChangeHomeDir, Mark received: 0.40 ====

2024/10/17 13:51:41 [testPromptCorrect] Testing prompt is correct, 1.00
2024/10/17 13:51:41 Among all the above changing directory tests, does the prompt always show the correct cwd after each `cd` command?
2024/10/17 13:51:41 Do you want to award mark for this test? (y/n or input a floating number between [0, 1.00]): 
2024/10/17 13:51:44 mark received: y
2024/10/17 13:51:44 ==== Test name: testPromptCorrect, Mark received: 1.00 ====

2024/10/17 13:51:45 [testBgPing] Testing `bg` command with `ping`, 5.00
2024/10/17 13:51:45 Please wait for around 15 seconds
2024/10/17 13:51:45 [COMMAND]: /home/clarkzjw/CSC360/marking/p1/gitlab/submissions/rrosenberger/p1/ssi
2024/10/17 13:51:45 Sending command to SSI: bg ping -c 5 1.1.1.1
2024/10/17 13:51:45 Sending command to SSI: bg ping -c 10 8.8.8.8
2024/10/17 13:51:45 Sending command to SSI: bglist  
2024/10/17 13:51:45 Sending command to SSI: sleep 5 
2024/10/17 13:51:45 Sending command to SSI: bglist  
2024/10/17 13:51:45 Sending command to SSI: sleep 5 
2024/10/17 13:51:45 Sending command to SSI: bglist  
2024/10/17 13:51:55 clarkzjw@linux204: /home/clarkzjw/CSC360/marking/p1/gitlab/submissions/rrosenberger/p1 > clarkzjw@linux204: /home/clarkzjw/CSC360/marking/p1/gitlab/submissions/rrosenberger/p1 > clarkzjw@linux204: /home/clarkzjw/CSC360/marking/p1/gitlab/submissions/rrosenberger/p1 > clarkzjw@linux204: /home/clarkzjw/CSC360/marking/p1/gitlab/submissions/rrosenberger/p1 > clarkzjw@linux204: /home/clarkzjw/CSC360/marking/p1/gitlab/submissions/rrosenberger/p1 > clarkzjw@linux204: /home/clarkzjw/CSC360/marking/p1/gitlab/submissions/rrosenberger/p1 > 1093870: ping -c 5 1.1.1.1
1093870: ping -c 5 1.1.1.1
Total Background jobs: 2
clarkzjw@linux204: /home/clarkzjw/CSC360/marking/p1/gitlab/submissions/rrosenberger/p1 > 1093870: ping -c 5 1.1.1.1 has terminated.
clarkzjw@linux204: /home/clarkzjw/CSC360/marking/p1/gitlab/submissions/rrosenberger/p1 > 1093871: ping -c 10 8.8.8.8
Total Background jobs: 1
clarkzjw@linux204: /home/clarkzjw/CSC360/marking/p1/gitlab/submissions/rrosenberger/p1 > 1093871: ping -c 10 8.8.8.8 has terminated.
clarkzjw@linux204: /home/clarkzjw/CSC360/marking/p1/gitlab/submissions/rrosenberger/p1 > Total Background jobs: 0
clarkzjw@linux204: /home/clarkzjw/CSC360/marking/p1/gitlab/submissions/rrosenberger/p1 > 
2024/10/17 13:51:55 Do you want to award mark for this test? (y/n or input a floating number between [0, 5.00]): 
2024/10/17 13:52:05 mark received: y
2024/10/17 13:52:05 ==== Test name: testBgPing, Mark received: 5.00 ====

2024/10/17 13:52:06 
==== Final Grade: 13.200000====
